<?xml version="1.0" encoding="UTF-8"?>
<testsuite name="ZookeeperTest" tests="1" skipped="0" failures="0" errors="0" timestamp="2025-07-20T20:15:41" hostname="LEGIONIK" time="0.043">
  <properties/>
  <testcase name="start" classname="ZookeeperTest" time="0.043"/>
  <system-out><![CDATA[?[1;31m
Start test 1?[0m
I love animals!
Let's check on the animals...
The deer looks fine.
The bat looks happy.
The lion looks healthy.

]]></system-out>
  <system-err><![CDATA[]]></system-err>
</testsuite>
